
> invoice-next@0.1.0 build
> next build --turbopack

   ▲ Next.js 15.5.4 (Turbopack)
   - Environments: .env.local

   Creating an optimized production build ...
 ✓ Finished writing to disk in 57ms
 ✓ Compiled successfully in 4.0s
   Linting and checking validity of types ...

Failed to compile.

./src/app/api/auth/[...nextauth]/route.ts
14:11  Warning: 'CustomUser' is defined but never used.  @typescript-eslint/no-unused-vars
20:11  Warning: 'CustomJWT' is defined but never used.  @typescript-eslint/no-unused-vars

./src/app/components/auth/actions/auth.ts
4:10  Warning: 'z' is defined but never used.  @typescript-eslint/no-unused-vars

./src/app/components/auth/login/SignInForm.tsx
70:12  Error: `'` can be escaped with `&apos;`, `&lsquo;`, `&#39;`, `&rsquo;`.  react/no-unescaped-entities

./src/app/components/invoice/components/InvoiceForm.tsx
3:17  Warning: 'useState' is defined but never used.  @typescript-eslint/no-unused-vars

./src/app/components/invoice/components/InvoiceGenerator.tsx
16:10  Warning: 'getServerSession' is defined but never used.  @typescript-eslint/no-unused-vars

./src/app/components/ui/calendar.tsx
55:25  Warning: '_props' is defined but never used.  @typescript-eslint/no-unused-vars
56:26  Warning: '_props' is defined but never used.  @typescript-eslint/no-unused-vars

./src/app/components/ui/chart.tsx
70:7  Warning: '_' is defined but never used.  @typescript-eslint/no-unused-vars

./src/app/components/ui/command.tsx
24:11  Error: An interface declaring no members is equivalent to its supertype.  @typescript-eslint/no-empty-object-type

./src/app/components/ui/textarea.tsx
5:18  Error: An interface declaring no members is equivalent to its supertype.  @typescript-eslint/no-empty-object-type

./src/app/create-invoice/actions/invoice.actions.ts
42:7  Warning: 'BACKEND_URL' is assigned a value but never used.  @typescript-eslint/no-unused-vars
72:5  Error: Use "@ts-expect-error" instead of "@ts-ignore", as "@ts-ignore" will do nothing if the following line is error-free.  @typescript-eslint/ban-ts-comment

./src/app/dashboard/actions.ts
4:11  Warning: 'DashboardStats' is defined but never used.  @typescript-eslint/no-unused-vars
20:7  Warning: 'API_BASE_URL' is assigned a value but never used.  @typescript-eslint/no-unused-vars

./src/lib/api-service.ts
122:29  Error: Unexpected any. Specify a different type.  @typescript-eslint/no-explicit-any

./src/lib/pdf-generator.ts
2:42  Error: Unexpected any. Specify a different type.  @typescript-eslint/no-explicit-any
4:61  Error: Unexpected any. Specify a different type.  @typescript-eslint/no-explicit-any
65:57  Error: Unexpected any. Specify a different type.  @typescript-eslint/no-explicit-any
103:34  Error: Unexpected any. Specify a different type.  @typescript-eslint/no-explicit-any

info  - Need to disable some ESLint rules? Learn more here: https://nextjs.org/docs/app/api-reference/config/eslint#disabling-rules
npm error Lifecycle script `build` failed with error:
npm error code 1
npm error path C:\Users\LofgDev\invoiceMonoRepo\apps\frontend
npm error workspace invoice-next@0.1.0
npm error location C:\Users\LofgDev\invoiceMonoRepo\apps\frontend
npm error command failed
npm error command C:\WINDOWS\system32\cmd.exe /d /s /c next build --turbopack
